Arguments: 
  C:\Program Files\nodejs\node.exe C:\Users\alex4\AppData\Roaming\npm\node_modules\yarn\bin\yarn.js add BeutifulSoup

PATH: 
  C:\Program Files (x86)\Common Files\Oracle\Java\javapath;C:\WINDOWS\system32;C:\WINDOWS;C:\WINDOWS\System32\Wbem;C:\WINDOWS\System32\WindowsPowerShell\v1.0\;C:\Program Files\dotnet\;C:\Program Files\Git\cmd;C:\Program Files\Microsoft SQL Server\130\Tools\Binn\;C:\WINDOWS\System32\OpenSSH\;C:\apache-maven-3.5.4\bin;C:\Users\alex4\AppData\Roaming\nvm;C:\Program Files\nodejs;C:\PostgreSQL\pg10\bin;C:\Users\alex4\AppData\Local\Programs\Python\Python37-32\Scripts\;C:\Users\alex4\AppData\Local\Programs\Python\Python37-32\;C:\Users\alex4\AppData\Local\Microsoft\WindowsApps;C:\Users\alex4\AppData\Local\Programs\Microsoft VS Code\bin;C:\Users\alex4\AppData\Roaming\npm;C:\Users\alex4\AppData\Roaming\nvm;C:\Program Files\nodejs;

Yarn version: 
  1.9.4

Node version: 
  8.11.4

Platform: 
  win32 x64

Trace: 
  Error: https://registry.yarnpkg.com/BeutifulSoup: Not found
      at Request.params.callback [as _callback] (C:\Users\alex4\AppData\Roaming\npm\node_modules\yarn\lib\cli.js:64202:18)
      at Request.self.callback (C:\Users\alex4\AppData\Roaming\npm\node_modules\yarn\lib\cli.js:137468:22)
      at emitTwo (events.js:126:13)
      at Request.emit (events.js:214:7)
      at Request.<anonymous> (C:\Users\alex4\AppData\Roaming\npm\node_modules\yarn\lib\cli.js:138440:10)
      at emitOne (events.js:116:13)
      at Request.emit (events.js:211:7)
      at IncomingMessage.<anonymous> (C:\Users\alex4\AppData\Roaming\npm\node_modules\yarn\lib\cli.js:138362:12)
      at Object.onceWrapper (events.js:313:30)
      at emitNone (events.js:111:20)

npm manifest: 
  {
    "name": "basic_scrapper",
    "version": "1.0.0",
    "main": "index.js",
    "license": "MIT"
  }

yarn manifest: 
  No manifest

Lockfile: 
  No lockfile
